<?xml version="1.0" encoding="UTF-8"?>
<!-- Generated by org.testng.reporters.JUnitXMLReporter -->
<testsuite ignored="0" hostname="APPLEs-MacBook-Air.local" failures="0" tests="3" name="Default test" time="91.073" errors="0" timestamp="11 Feb 2024 10:12:56 GMT">
  <testcase classname="entrataTests.MainPage" name="VerifyTitle" time="41.975"/>
  <testcase classname="entrataTests.MainPage" name="OpenMenus" time="31.813"/>
  <testcase classname="entrataTests.MainPage" name="TakeScreenShot" time="3.641"/>
</testsuite> <!-- Default test -->
