<?xml version="1.0" encoding="UTF-8"?>
<!-- Generated by org.testng.reporters.JUnitXMLReporter -->
<testsuite ignored="0" hostname="APPLEs-MacBook-Air.local" failures="0" tests="3" name="Test" time="96.774" errors="0" timestamp="11 Feb 2024 10:29:39 GMT">
  <testcase classname="entrataTests.MainPage" name="VerifyTitle" time="75.945"/>
  <testcase classname="entrataTests.MainPage" name="OpenMenus" time="7.386"/>
  <testcase classname="entrataTests.MainPage" name="TakeScreenShot" time="0.815"/>
</testsuite> <!-- Test -->
